<?xml version="1.0" encoding="UTF-8"?>
<testsuite xmlns:xsi="http://www.w3.org/2001/XMLSchema-instance" xsi:noNamespaceSchemaLocation="https://maven.apache.org/surefire/maven-surefire-plugin/xsd/surefire-test-report-3.0.xsd" version="3.0" name="tn.esprit.spring.nemp.test.java.User.UserServiceTest" time="0.398" tests="6" errors="0" skipped="0" failures="0">
  <properties>
[...]
</properties>
  <testcase name="WillthrowWhenEmailIsTakin" classname="tn.esprit.spring.nemp.test.java.User.UserServiceTest" time="0.363"/>
  <testcase name="getAllUsers" classname="tn.esprit.spring.nemp.test.java.User.UserServiceTest" time="0.005"/>
  <testcase name="updateUser" classname="tn.esprit.spring.nemp.test.java.User.UserServiceTest" time="0.007"/>
  <testcase name="createUser" classname="tn.esprit.spring.nemp.test.java.User.UserServiceTest" time="0.006"/>
  <testcase name="deleteUser" classname="tn.esprit.spring.nemp.test.java.User.UserServiceTest" time="0.002"/>
  <testcase name="getUserById" classname="tn.esprit.spring.nemp.test.java.User.UserServiceTest" time="0.002"/>
</testsuite>